mode: set
immersive-dashboard/features/classes/service/logic.go:15.68,18.2 2 1
immersive-dashboard/features/classes/service/logic.go:21.63,23.24 2 1
immersive-dashboard/features/classes/service/logic.go:23.24,25.3 1 1
immersive-dashboard/features/classes/service/logic.go:26.2,27.22 2 1
immersive-dashboard/features/classes/service/logic.go:27.22,29.3 1 1
immersive-dashboard/features/classes/service/logic.go:30.2,30.12 1 1
immersive-dashboard/features/classes/service/logic.go:34.52,36.22 2 1
immersive-dashboard/features/classes/service/logic.go:36.22,38.3 1 1
immersive-dashboard/features/classes/service/logic.go:39.2,39.12 1 1
immersive-dashboard/features/classes/service/logic.go:43.70,45.22 2 1
immersive-dashboard/features/classes/service/logic.go:45.22,47.3 1 1
immersive-dashboard/features/classes/service/logic.go:48.2,48.12 1 1
immersive-dashboard/features/classes/service/logic.go:52.84,57.2 4 1
immersive-dashboard/features/classes/service/logic.go:60.61,63.2 2 1
immersive-dashboard/features/classes/service/logic.go:65.73,70.2 1 1
immersive-dashboard/features/mentees/service/logic.go:15.66,18.2 2 1
immersive-dashboard/features/mentees/service/logic.go:21.64,23.24 2 1
immersive-dashboard/features/mentees/service/logic.go:23.24,25.3 1 1
immersive-dashboard/features/mentees/service/logic.go:26.2,27.22 2 1
immersive-dashboard/features/mentees/service/logic.go:27.22,29.3 1 1
immersive-dashboard/features/mentees/service/logic.go:30.2,30.12 1 1
immersive-dashboard/features/mentees/service/logic.go:34.53,36.22 2 1
immersive-dashboard/features/mentees/service/logic.go:36.22,38.3 1 1
immersive-dashboard/features/mentees/service/logic.go:39.2,39.12 1 1
immersive-dashboard/features/mentees/service/logic.go:43.71,45.22 2 1
immersive-dashboard/features/mentees/service/logic.go:45.22,47.3 1 1
immersive-dashboard/features/mentees/service/logic.go:48.2,48.12 1 1
immersive-dashboard/features/mentees/service/logic.go:52.110,57.2 4 1
immersive-dashboard/features/mentees/service/logic.go:59.75,64.2 1 1
immersive-dashboard/features/status/service/logic.go:15.63,18.2 2 1
immersive-dashboard/features/status/service/logic.go:20.73,25.2 1 1
