mode: set
immersive-dashboard/features/classes/service/logic.go:15.63,17.24 2 0
immersive-dashboard/features/classes/service/logic.go:17.24,19.3 1 0
immersive-dashboard/features/classes/service/logic.go:20.2,21.22 2 0
immersive-dashboard/features/classes/service/logic.go:21.22,23.3 1 0
immersive-dashboard/features/classes/service/logic.go:24.2,24.12 1 0
immersive-dashboard/features/classes/service/logic.go:28.71,30.22 2 1
immersive-dashboard/features/classes/service/logic.go:30.22,32.3 1 1
immersive-dashboard/features/classes/service/logic.go:33.2,33.12 1 1
immersive-dashboard/features/classes/service/logic.go:37.70,39.22 2 0
immersive-dashboard/features/classes/service/logic.go:39.22,41.3 1 0
immersive-dashboard/features/classes/service/logic.go:42.2,42.12 1 0
immersive-dashboard/features/classes/service/logic.go:46.84,51.2 4 0
immersive-dashboard/features/classes/service/logic.go:54.61,57.2 2 0
immersive-dashboard/features/classes/service/logic.go:59.73,64.2 1 1
